Compiler Command: aoc CLMiner_kernel_stable.cl
/home/abelardojara/workspace_remote/ethminer_fpga/libethash-ocl/builds/CLMiner_kernel_stable.cl:299:28: warning: declaring kernel argument with no 'restrict' may lead to low kernel performance
        __global hash128_t const* g_dag,
                                  ^
/home/abelardojara/workspace_remote/ethminer_fpga/libethash-ocl/builds/CLMiner_kernel_stable.cl:411:78: warning: declaring kernel argument with no 'restrict' may lead to low kernel performance
__kernel void ethash_calculate_dag_item(uint start, __global hash64_t const* g_light, __global hash64_t * g_dag, uint isolate)
                                                                             ^
/home/abelardojara/workspace_remote/ethminer_fpga/libethash-ocl/builds/CLMiner_kernel_stable.cl:411:107: warning: declaring kernel argument with no 'restrict' may lead to low kernel performance
__kernel void ethash_calculate_dag_item(uint start, __global hash64_t const* g_light, __global hash64_t * g_dag, uint isolate)
                                                                                                          ^
3 warnings generated.
Compiler Warning: Auto-unrolled loop at /home/abelardojara/workspace_remote/ethminer_fpga/libethash-ocl/builds/CLMiner_kernel_stable.cl:379
Compiler Warning: Auto-unrolled loop at /home/abelardojara/workspace_remote/ethminer_fpga/libethash-ocl/builds/CLMiner_kernel_stable.cl:368
Compiler Warning: Auto-unrolled loop at /home/abelardojara/workspace_remote/ethminer_fpga/libethash-ocl/builds/CLMiner_kernel_stable.cl:333
Compiler Warning: Auto-unrolled loop at /home/abelardojara/workspace_remote/ethminer_fpga/libethash-ocl/builds/CLMiner_kernel_stable.cl:316
Compiler Warning: Auto-unrolled loop at /home/abelardojara/workspace_remote/ethminer_fpga/libethash-ocl/builds/CLMiner_kernel_stable.cl:313
Compiler Warning: Auto-unrolled loop at /home/abelardojara/workspace_remote/ethminer_fpga/libethash-ocl/builds/CLMiner_kernel_stable.cl:429
Compiler Warning: Auto-unrolled loop at /home/abelardojara/workspace_remote/ethminer_fpga/libethash-ocl/builds/CLMiner_kernel_stable.cl:402
Compiler Warning: Auto-unrolled loop at /home/abelardojara/workspace_remote/ethminer_fpga/libethash-ocl/builds/CLMiner_kernel_stable.cl:424
Compiler Warning: Auto-unrolled loop at /home/abelardojara/workspace_remote/ethminer_fpga/libethash-ocl/builds/CLMiner_kernel_stable.cl:402
Compiler Warning: Auto-unrolled loop at /home/abelardojara/workspace_remote/ethminer_fpga/libethash-ocl/builds/CLMiner_kernel_stable.cl:417

!===========================================================================
! The report below may be inaccurate. A more comprehensive           
! resource usage report can be found at CLMiner_kernel_stable/reports/report.html    
!===========================================================================

+--------------------------------------------------------------------+
; Estimated Resource Usage Summary                                   ;
+----------------------------------------+---------------------------+
; Resource                               + Usage                     ;
+----------------------------------------+---------------------------+
; Logic utilization                      ;   45%                     ;
; ALUTs                                  ;   28%                     ;
; Dedicated logic registers              ;   20%                     ;
; Memory blocks                          ;   29%                     ;
; DSP blocks                             ;    3%                     ;
+----------------------------------------+---------------------------;
System name: CLMiner_kernel_stable

2019.04.01.13:53:17 Info: Doing: qsys-script --quartus-project=dcp --script=kernel_system.tcl --Xmx512M --XX:+UseSerialGC
2019.04.01.13:53:29 Info: set_validation_property AUTOMATIC_VALIDATION false
2019.04.01.13:53:29 Info: add_instance clk_1x altera_clock_bridge
2019.04.01.13:53:30 Info: set_instance_parameter_value clk_1x EXPLICIT_CLOCK_RATE 0
2019.04.01.13:53:30 Info: set_instance_parameter_value clk_1x NUM_CLOCK_OUTPUTS 1
2019.04.01.13:53:30 Info: add_interface clock_reset clock sink
2019.04.01.13:53:30 Info: set_interface_property clock_reset EXPORT_OF clk_1x.in_clk
2019.04.01.13:53:30 Info: add_instance clk_2x altera_clock_bridge
2019.04.01.13:53:30 Info: set_instance_parameter_value clk_2x EXPLICIT_CLOCK_RATE 0
2019.04.01.13:53:30 Info: set_instance_parameter_value clk_2x NUM_CLOCK_OUTPUTS 1
2019.04.01.13:53:30 Info: add_interface clock_reset2x clock sink
2019.04.01.13:53:30 Info: set_interface_property clock_reset2x EXPORT_OF clk_2x.in_clk
2019.04.01.13:53:30 Info: add_instance clk_snoop altera_clock_bridge
2019.04.01.13:53:30 Info: set_instance_parameter_value clk_snoop EXPLICIT_CLOCK_RATE 0
2019.04.01.13:53:30 Info: set_instance_parameter_value clk_snoop NUM_CLOCK_OUTPUTS 1
2019.04.01.13:53:30 Info: add_interface cc_snoop_clk clock sink
2019.04.01.13:53:30 Info: set_interface_property cc_snoop_clk EXPORT_OF clk_snoop.in_clk
2019.04.01.13:53:30 Info: add_instance reset altera_reset_bridge
2019.04.01.13:53:30 Info: set_instance_parameter_value reset ACTIVE_LOW_RESET 1
2019.04.01.13:53:30 Info: set_instance_parameter_value reset SYNCHRONOUS_EDGES deassert
2019.04.01.13:53:30 Info: set_instance_parameter_value reset NUM_RESET_OUTPUTS 1
2019.04.01.13:53:30 Info: add_interface clock_reset_reset reset sink
2019.04.01.13:53:30 Info: set_interface_property clock_reset_reset EXPORT_OF reset.in_reset
2019.04.01.13:53:30 Info: add_connection clk_1x.out_clk reset.clk
2019.04.01.13:53:30 Info: add_instance CLMiner_kernel_stable_system CLMiner_kernel_stable_system
2019.04.01.13:53:30 Info: add_connection clk_1x.out_clk CLMiner_kernel_stable_system.clock_reset
2019.04.01.13:53:30 Info: add_connection clk_2x.out_clk CLMiner_kernel_stable_system.clock_reset2x
2019.04.01.13:53:30 Info: add_connection reset.out_reset CLMiner_kernel_stable_system.clock_reset_reset
2019.04.01.13:53:30 Info: add_instance kernel_ddr4a altera_avalon_mm_bridge
2019.04.01.13:53:30 Info: set_instance_parameter_value kernel_ddr4a DATA_WIDTH 512
2019.04.01.13:53:30 Info: set_instance_parameter_value kernel_ddr4a SYMBOL_WIDTH 8
2019.04.01.13:53:30 Info: set_instance_parameter_value kernel_ddr4a ADDRESS_WIDTH 32
2019.04.01.13:53:30 Info: set_instance_parameter_value kernel_ddr4a USE_AUTO_ADDRESS_WIDTH 0
2019.04.01.13:53:30 Info: set_instance_parameter_value kernel_ddr4a ADDRESS_UNITS SYMBOLS
2019.04.01.13:53:30 Info: set_instance_parameter_value kernel_ddr4a MAX_BURST_SIZE 16
2019.04.01.13:53:30 Info: set_instance_parameter_value kernel_ddr4a MAX_PENDING_RESPONSES 64
2019.04.01.13:53:30 Info: set_instance_parameter_value kernel_ddr4a LINEWRAPBURSTS 0
2019.04.01.13:53:30 Info: set_instance_parameter_value kernel_ddr4a PIPELINE_COMMAND 1
2019.04.01.13:53:30 Info: set_instance_parameter_value kernel_ddr4a PIPELINE_RESPONSE 1
2019.04.01.13:53:30 Info: add_connection clk_1x.out_clk kernel_ddr4a.clk
2019.04.01.13:53:30 Info: add_connection reset.out_reset kernel_ddr4a.reset
2019.04.01.13:53:30 Info: add_interface kernel_ddr4a avalon slave
2019.04.01.13:53:30 Info: set_interface_property kernel_ddr4a EXPORT_OF kernel_ddr4a.m0
2019.04.01.13:53:30 Info: add_instance kernel_ddr4b altera_avalon_mm_bridge
2019.04.01.13:53:30 Info: set_instance_parameter_value kernel_ddr4b DATA_WIDTH 512
2019.04.01.13:53:30 Info: set_instance_parameter_value kernel_ddr4b SYMBOL_WIDTH 8
2019.04.01.13:53:30 Info: set_instance_parameter_value kernel_ddr4b ADDRESS_WIDTH 32
2019.04.01.13:53:30 Info: set_instance_parameter_value kernel_ddr4b USE_AUTO_ADDRESS_WIDTH 0
2019.04.01.13:53:30 Info: set_instance_parameter_value kernel_ddr4b ADDRESS_UNITS SYMBOLS
2019.04.01.13:53:30 Info: set_instance_parameter_value kernel_ddr4b MAX_BURST_SIZE 16
2019.04.01.13:53:30 Info: set_instance_parameter_value kernel_ddr4b MAX_PENDING_RESPONSES 64
2019.04.01.13:53:30 Info: set_instance_parameter_value kernel_ddr4b LINEWRAPBURSTS 0
2019.04.01.13:53:30 Info: set_instance_parameter_value kernel_ddr4b PIPELINE_COMMAND 1
2019.04.01.13:53:30 Info: set_instance_parameter_value kernel_ddr4b PIPELINE_RESPONSE 1
2019.04.01.13:53:30 Info: add_connection clk_1x.out_clk kernel_ddr4b.clk
2019.04.01.13:53:30 Info: add_connection reset.out_reset kernel_ddr4b.reset
2019.04.01.13:53:30 Info: add_interface kernel_ddr4b avalon slave
2019.04.01.13:53:30 Info: set_interface_property kernel_ddr4b EXPORT_OF kernel_ddr4b.m0
2019.04.01.13:53:30 Info: add_connection CLMiner_kernel_stable_system.avm_memgmem0_DDR_port_0_0_rw kernel_ddr4a.s0
2019.04.01.13:53:30 Info: add_connection CLMiner_kernel_stable_system.avm_memgmem0_DDR_port_1_0_rw kernel_ddr4b.s0
2019.04.01.13:53:30 Info: add_instance kernel_irq altera_irq_bridge
2019.04.01.13:53:31 Info: set_instance_parameter_value kernel_irq IRQ_WIDTH 1
2019.04.01.13:53:31 Info: set_instance_parameter_value kernel_irq IRQ_N 0
2019.04.01.13:53:31 Info: add_interface kernel_irq irq sender
2019.04.01.13:53:31 Info: set_interface_property kernel_irq EXPORT_OF kernel_irq.sender0_irq
2019.04.01.13:53:31 Info: add_connection clk_1x.out_clk kernel_irq.clk
2019.04.01.13:53:31 Info: add_connection reset.out_reset kernel_irq.clk_reset
2019.04.01.13:53:31 Info: add_connection kernel_irq.receiver_irq CLMiner_kernel_stable_system.kernel_irq
2019.04.01.13:53:31 Info: add_instance kernel_cra altera_avalon_mm_bridge
2019.04.01.13:53:31 Info: set_instance_parameter_value kernel_cra DATA_WIDTH 64
2019.04.01.13:53:31 Info: set_instance_parameter_value kernel_cra SYMBOL_WIDTH 8
2019.04.01.13:53:31 Info: set_instance_parameter_value kernel_cra ADDRESS_WIDTH 30
2019.04.01.13:53:31 Info: set_instance_parameter_value kernel_cra USE_AUTO_ADDRESS_WIDTH 0
2019.04.01.13:53:31 Info: set_instance_parameter_value kernel_cra ADDRESS_UNITS SYMBOLS
2019.04.01.13:53:31 Info: set_instance_parameter_value kernel_cra MAX_BURST_SIZE 1
2019.04.01.13:53:31 Info: set_instance_parameter_value kernel_cra MAX_PENDING_RESPONSES 1
2019.04.01.13:53:31 Info: set_instance_parameter_value kernel_cra LINEWRAPBURSTS 0
2019.04.01.13:53:31 Info: set_instance_parameter_value kernel_cra PIPELINE_COMMAND 0
2019.04.01.13:53:31 Info: set_instance_parameter_value kernel_cra PIPELINE_RESPONSE 0
2019.04.01.13:53:31 Info: add_connection clk_1x.out_clk kernel_cra.clk
2019.04.01.13:53:31 Info: add_connection reset.out_reset kernel_cra.reset
2019.04.01.13:53:31 Info: add_interface avs_kernel_cra avalon slave
2019.04.01.13:53:31 Info: set_interface_property kernel_cra EXPORT_OF kernel_cra.s0
2019.04.01.13:53:31 Info: add_instance cra_root cra_ring_root
2019.04.01.13:53:31 Info: set_instance_parameter_value cra_root ASYNC_RESET 1
2019.04.01.13:53:31 Info: set_instance_parameter_value cra_root SYNCHRONIZE_RESET 0
2019.04.01.13:53:31 Info: set_instance_parameter_value cra_root DATA_W 64
2019.04.01.13:53:31 Info: set_instance_parameter_value cra_root ADDR_W 5
2019.04.01.13:53:31 Info: set_instance_parameter_value cra_root ID_W 1
2019.04.01.13:53:31 Info: set_instance_parameter_value cra_root ROM_ENABLE 1
2019.04.01.13:53:31 Info: add_connection clk_1x.out_clk cra_root.clock
2019.04.01.13:53:31 Info: add_connection reset.out_reset cra_root.reset
2019.04.01.13:53:31 Info: add_connection kernel_cra.m0 cra_root.cra_slave
2019.04.01.13:53:31 Info: set_connection_parameter_value kernel_cra.m0/cra_root.cra_slave baseAddress 0x0
2019.04.01.13:53:31 Info: add_instance cra_ring_rom cra_ring_rom
2019.04.01.13:53:31 Info: set_instance_parameter_value cra_ring_rom ASYNC_RESET 1
2019.04.01.13:53:31 Info: set_instance_parameter_value cra_ring_rom SYNCHRONIZE_RESET 0
2019.04.01.13:53:31 Info: set_instance_parameter_value cra_ring_rom DATA_W 64
2019.04.01.13:53:31 Info: set_instance_parameter_value cra_ring_rom RING_ADDR_W 5
2019.04.01.13:53:31 Info: set_instance_parameter_value cra_ring_rom ID_W 1
2019.04.01.13:53:31 Info: add_connection cra_root.ring_out cra_ring_rom.ring_in
2019.04.01.13:53:31 Info: add_connection clk_1x.out_clk cra_ring_rom.clock
2019.04.01.13:53:31 Info: add_connection reset.out_reset cra_ring_rom.reset
2019.04.01.13:53:31 Info: add_instance avs_ethash_calculate_dag_item_cra_cra_ring cra_ring_node
2019.04.01.13:53:31 Info: set_instance_parameter_value avs_ethash_calculate_dag_item_cra_cra_ring ASYNC_RESET 1
2019.04.01.13:53:31 Info: set_instance_parameter_value avs_ethash_calculate_dag_item_cra_cra_ring SYNCHRONIZE_RESET 0
2019.04.01.13:53:31 Info: set_instance_parameter_value avs_ethash_calculate_dag_item_cra_cra_ring DATA_W 64
2019.04.01.13:53:31 Info: set_instance_parameter_value avs_ethash_calculate_dag_item_cra_cra_ring RING_ADDR_W 5
2019.04.01.13:53:31 Info: set_instance_parameter_value avs_ethash_calculate_dag_item_cra_cra_ring CRA_ADDR_W 4
2019.04.01.13:53:31 Info: set_instance_parameter_value avs_ethash_calculate_dag_item_cra_cra_ring ID_W 1
2019.04.01.13:53:31 Info: set_instance_parameter_value avs_ethash_calculate_dag_item_cra_cra_ring ID 0
2019.04.01.13:53:31 Info: add_connection clk_1x.out_clk avs_ethash_calculate_dag_item_cra_cra_ring.clock
2019.04.01.13:53:31 Info: add_connection reset.out_reset avs_ethash_calculate_dag_item_cra_cra_ring.reset
2019.04.01.13:53:31 Info: add_connection cra_ring_rom.ring_out avs_ethash_calculate_dag_item_cra_cra_ring.ring_in
2019.04.01.13:53:31 Info: add_connection avs_ethash_calculate_dag_item_cra_cra_ring.cra_master CLMiner_kernel_stable_system.avs_ethash_calculate_dag_item_cra
2019.04.01.13:53:31 Info: set_connection_parameter_value avs_ethash_calculate_dag_item_cra_cra_ring.cra_master/CLMiner_kernel_stable_system.avs_ethash_calculate_dag_item_cra baseAddress 0x0
2019.04.01.13:53:31 Info: add_instance avs_ethash_search_cra_cra_ring cra_ring_node
2019.04.01.13:53:31 Info: set_instance_parameter_value avs_ethash_search_cra_cra_ring ASYNC_RESET 1
2019.04.01.13:53:31 Info: set_instance_parameter_value avs_ethash_search_cra_cra_ring SYNCHRONIZE_RESET 0
2019.04.01.13:53:31 Info: set_instance_parameter_value avs_ethash_search_cra_cra_ring DATA_W 64
2019.04.01.13:53:31 Info: set_instance_parameter_value avs_ethash_search_cra_cra_ring RING_ADDR_W 5
2019.04.01.13:53:31 Info: set_instance_parameter_value avs_ethash_search_cra_cra_ring CRA_ADDR_W 5
2019.04.01.13:53:31 Info: set_instance_parameter_value avs_ethash_search_cra_cra_ring ID_W 1
2019.04.01.13:53:31 Info: set_instance_parameter_value avs_ethash_search_cra_cra_ring ID 1
2019.04.01.13:53:31 Info: add_connection clk_1x.out_clk avs_ethash_search_cra_cra_ring.clock
2019.04.01.13:53:31 Info: add_connection reset.out_reset avs_ethash_search_cra_cra_ring.reset
2019.04.01.13:53:31 Info: add_connection avs_ethash_calculate_dag_item_cra_cra_ring.ring_out avs_ethash_search_cra_cra_ring.ring_in
2019.04.01.13:53:31 Info: add_connection avs_ethash_search_cra_cra_ring.cra_master CLMiner_kernel_stable_system.avs_ethash_search_cra
2019.04.01.13:53:31 Info: set_connection_parameter_value avs_ethash_search_cra_cra_ring.cra_master/CLMiner_kernel_stable_system.avs_ethash_search_cra baseAddress 0x0
2019.04.01.13:53:31 Info: add_connection avs_ethash_search_cra_cra_ring.ring_out cra_root.ring_in
2019.04.01.13:53:31 Info: add_instance acl_internal_snoop altera_avalon_st_adapter
2019.04.01.13:53:31 Info: set_instance_parameter_value acl_internal_snoop inBitsPerSymbol 33
2019.04.01.13:53:31 Info: set_instance_parameter_value acl_internal_snoop inUsePackets 0
2019.04.01.13:53:31 Info: set_instance_parameter_value acl_internal_snoop inDataWidth 33
2019.04.01.13:53:31 Info: set_instance_parameter_value acl_internal_snoop inMaxChannel 0
2019.04.01.13:53:31 Info: set_instance_parameter_value acl_internal_snoop inChannelWidth 0
2019.04.01.13:53:31 Info: set_instance_parameter_value acl_internal_snoop inErrorWidth 0
2019.04.01.13:53:31 Info: set_instance_parameter_value acl_internal_snoop inErrorDescriptor 
2019.04.01.13:53:31 Info: set_instance_parameter_value acl_internal_snoop inUseEmptyPort 0
2019.04.01.13:53:31 Info: set_instance_parameter_value acl_internal_snoop inUseValid 1
2019.04.01.13:53:31 Info: set_instance_parameter_value acl_internal_snoop inUseReady 1
2019.04.01.13:53:31 Info: set_instance_parameter_value acl_internal_snoop inReadyLatency 0
2019.04.01.13:53:31 Info: set_instance_parameter_value acl_internal_snoop outDataWidth 33
2019.04.01.13:53:31 Info: set_instance_parameter_value acl_internal_snoop outMaxChannel 0
2019.04.01.13:53:31 Info: set_instance_parameter_value acl_internal_snoop outChannelWidth 0
2019.04.01.13:53:31 Info: set_instance_parameter_value acl_internal_snoop outErrorWidth 0
2019.04.01.13:53:31 Info: set_instance_parameter_value acl_internal_snoop outErrorDescriptor 
2019.04.01.13:53:31 Info: set_instance_parameter_value acl_internal_snoop outUseEmptyPort 0
2019.04.01.13:53:31 Info: set_instance_parameter_value acl_internal_snoop outUseValid 1
2019.04.01.13:53:31 Info: set_instance_parameter_value acl_internal_snoop outUseReady 1
2019.04.01.13:53:31 Info: set_instance_parameter_value acl_internal_snoop outReadyLatency 0
2019.04.01.13:53:31 Info: add_connection clk_snoop.out_clk acl_internal_snoop.in_clk_0
2019.04.01.13:53:31 Info: add_connection reset.out_reset acl_internal_snoop.in_rst_0
2019.04.01.13:53:32 Info: add_interface cc_snoop avalon_streaming sink
2019.04.01.13:53:32 Info: set_interface_property cc_snoop EXPORT_OF acl_internal_snoop.in_0
2019.04.01.13:53:32 Info: add_connection clk_snoop.out_clk CLMiner_kernel_stable_system.cc_snoop_clk
2019.04.01.13:53:32 Info: add_connection acl_internal_snoop.out_0 CLMiner_kernel_stable_system.cc_snoop
2019.04.01.13:53:32 Info: add_instance sys_description_rom acl_rom_module
2019.04.01.13:53:32 Info: set_instance_parameter_value sys_description_rom ASYNC_RESET 1
2019.04.01.13:53:32 Info: set_instance_parameter_value sys_description_rom SYNCHRONIZE_RESET 0
2019.04.01.13:53:32 Info: set_instance_parameter_value sys_description_rom INIT_FILE sys_description.hex
2019.04.01.13:53:32 Info: set_instance_parameter_value sys_description_rom ADDRESS_WIDTH 4
2019.04.01.13:53:32 Warning: add_connection: Extra arguments ignored clock
2019.04.01.13:53:32 Info: add_connection clk_1x.out_clk sys_description_rom.clk0
2019.04.01.13:53:32 Warning: add_connection: Extra arguments ignored reset
2019.04.01.13:53:32 Info: add_connection reset.out_reset sys_description_rom.reset0
2019.04.01.13:53:32 Info: set_instance_parameter_value sys_description_rom DATA_WIDTH 64
2019.04.01.13:53:32 Warning: add_connection: Extra arguments ignored avalon
2019.04.01.13:53:32 Info: add_connection cra_ring_rom.cra_master sys_description_rom.s0
2019.04.01.13:53:32 Info: set_instance_parameter_value sys_description_rom ADDRESS_WIDTH 5
2019.04.01.13:53:32 Info: set_instance_parameter_value cra_ring_rom ROM_W 5
2019.04.01.13:53:32 Info: set_instance_parameter_value cra_ring_rom ROM_EXT_W 0
2019.04.01.13:53:32 Info: set_instance_parameter_value cra_root ROM_EXT_W 0
2019.04.01.13:53:32 Info: save_system kernel_system.qsys
2019.04.01.13:53:32 Info: Replacing kernel_system.clk_1x with generic component
2019.04.01.13:53:34 Info: Replacing kernel_system.clk_2x with generic component
2019.04.01.13:53:34 Info: Replacing kernel_system.clk_snoop with generic component
2019.04.01.13:53:34 Info: Replacing kernel_system.reset with generic component
2019.04.01.13:53:34 Info: Replacing kernel_system.CLMiner_kernel_stable_system with generic component
2019.04.01.13:53:35 Info: Replacing kernel_system.kernel_ddr4a with generic component
2019.04.01.13:53:35 Info: Replacing kernel_system.kernel_ddr4b with generic component
2019.04.01.13:53:35 Info: Replacing kernel_system.kernel_irq with generic component
2019.04.01.13:53:35 Info: Replacing kernel_system.kernel_cra with generic component
2019.04.01.13:53:35 Info: Replacing kernel_system.cra_root with generic component
2019.04.01.13:53:36 Info: Replacing kernel_system.cra_ring_rom with generic component
2019.04.01.13:53:36 Info: Replacing kernel_system.avs_ethash_calculate_dag_item_cra_cra_ring with generic component
2019.04.01.13:53:36 Info: Replacing kernel_system.avs_ethash_search_cra_cra_ring with generic component
2019.04.01.13:53:36 Info: Replacing kernel_system.acl_internal_snoop with generic component
2019.04.01.13:53:37 Info: Replacing kernel_system.sys_description_rom with generic component
2019.04.01.13:53:37 Info: Info: All modules have been converted to Generic Components.

